ERROR - 2021-11-17 23:13:56 --> Error connecting to the database: No connection could be made because the target machine actively refused it.

CRITICAL - 2021-11-17 23:13:56 --> Unable to connect to the database.
Main connection [MySQLi]: No connection could be made because the target machine actively refused it.

#0 C:\xampp\htdocs\wp2\pustaka-booking_12200414\vendor\codeigniter4\framework\system\Database\BaseConnection.php(577): CodeIgniter\Database\BaseConnection->initialize()
#1 C:\xampp\htdocs\wp2\pustaka-booking_12200414\vendor\codeigniter4\framework\system\Database\BaseBuilder.php(1443): CodeIgniter\Database\BaseConnection->query('SELECT *\nFROM `...', Array, false)
#2 C:\xampp\htdocs\wp2\pustaka-booking_12200414\vendor\codeigniter4\framework\system\Model.php(210): CodeIgniter\Database\BaseBuilder->get()
#3 C:\xampp\htdocs\wp2\pustaka-booking_12200414\vendor\codeigniter4\framework\system\BaseModel.php(622): CodeIgniter\Model->doFirst()
#4 C:\xampp\htdocs\wp2\pustaka-booking_12200414\app\Models\Pengguna.php(25): CodeIgniter\BaseModel->first()
#5 C:\xampp\htdocs\wp2\pustaka-booking_12200414\app\Controllers\Login.php(37): App\Models\Pengguna->cekLogin('owner', '12345')
#6 C:\xampp\htdocs\wp2\pustaka-booking_12200414\vendor\codeigniter4\framework\system\CodeIgniter.php(824): App\Controllers\Login->cekLogin()
#7 C:\xampp\htdocs\wp2\pustaka-booking_12200414\vendor\codeigniter4\framework\system\CodeIgniter.php(410): CodeIgniter\CodeIgniter->runController(Object(App\Controllers\Login))
#8 C:\xampp\htdocs\wp2\pustaka-booking_12200414\vendor\codeigniter4\framework\system\CodeIgniter.php(318): CodeIgniter\CodeIgniter->handleRequest(NULL, Object(Config\Cache), false)
#9 C:\xampp\htdocs\wp2\pustaka-booking_12200414\public\index.php(37): CodeIgniter\CodeIgniter->run()
#10 C:\xampp\htdocs\wp2\pustaka-booking_12200414\vendor\codeigniter4\framework\system\Commands\Server\rewrite.php(43): require_once('C:\\xampp\\htdocs...')
#11 {main}
ERROR - 2021-11-17 23:14:08 --> Error connecting to the database: Unknown database 'db_pustaka_booking_12200414'
CRITICAL - 2021-11-17 23:14:08 --> Unable to connect to the database.
Main connection [MySQLi]: Unknown database 'db_pustaka_booking_12200414'
#0 C:\xampp\htdocs\wp2\pustaka-booking_12200414\vendor\codeigniter4\framework\system\Database\BaseConnection.php(577): CodeIgniter\Database\BaseConnection->initialize()
#1 C:\xampp\htdocs\wp2\pustaka-booking_12200414\vendor\codeigniter4\framework\system\Database\BaseBuilder.php(1443): CodeIgniter\Database\BaseConnection->query('SELECT *\nFROM `...', Array, false)
#2 C:\xampp\htdocs\wp2\pustaka-booking_12200414\vendor\codeigniter4\framework\system\Model.php(210): CodeIgniter\Database\BaseBuilder->get()
#3 C:\xampp\htdocs\wp2\pustaka-booking_12200414\vendor\codeigniter4\framework\system\BaseModel.php(622): CodeIgniter\Model->doFirst()
#4 C:\xampp\htdocs\wp2\pustaka-booking_12200414\app\Models\Pengguna.php(25): CodeIgniter\BaseModel->first()
#5 C:\xampp\htdocs\wp2\pustaka-booking_12200414\app\Controllers\Login.php(37): App\Models\Pengguna->cekLogin('owner', '12345')
#6 C:\xampp\htdocs\wp2\pustaka-booking_12200414\vendor\codeigniter4\framework\system\CodeIgniter.php(824): App\Controllers\Login->cekLogin()
#7 C:\xampp\htdocs\wp2\pustaka-booking_12200414\vendor\codeigniter4\framework\system\CodeIgniter.php(410): CodeIgniter\CodeIgniter->runController(Object(App\Controllers\Login))
#8 C:\xampp\htdocs\wp2\pustaka-booking_12200414\vendor\codeigniter4\framework\system\CodeIgniter.php(318): CodeIgniter\CodeIgniter->handleRequest(NULL, Object(Config\Cache), false)
#9 C:\xampp\htdocs\wp2\pustaka-booking_12200414\public\index.php(37): CodeIgniter\CodeIgniter->run()
#10 C:\xampp\htdocs\wp2\pustaka-booking_12200414\vendor\codeigniter4\framework\system\Commands\Server\rewrite.php(43): require_once('C:\\xampp\\htdocs...')
#11 {main}
